<?xml version="1.0" encoding="UTF-8"?>
<!-- Generated by org.testng.reporters.JUnitReportReporter -->
<testsuite hostname="GLB-242-PC" failures="0" tests="1" name="com.Test.StatusCheck" time="18.341" errors="0" timestamp="12 Dec 2018 12:10:54 GMT" skipped="0">
  <testcase classname="com.Test.StatusCheck" name="getStatusFromUserTimeline" time="18.341"/>
</testsuite> <!-- com.Test.StatusCheck -->
