<?xml version="1.0" encoding="UTF-8"?>
<!-- Generated by org.testng.reporters.JUnitReportReporter -->
<testsuite hostname="GLB-242-PC" failures="0" tests="2" name="com.RestAssuredframework.SampleClass2" time="0.001" errors="0" timestamp="09 Dec 2018 06:56:17 GMT" skipped="0">
  <testcase classname="com.RestAssuredframework.SampleClass2" name="Fourthtest" time="0.001"/>
  <testcase classname="com.RestAssuredframework.SampleClass2" name="thirdtest" time="0.000"/>
</testsuite> <!-- com.RestAssuredframework.SampleClass2 -->
