<?xml version="1.0" encoding="UTF-8"?>
<!-- Generated by org.testng.reporters.JUnitReportReporter -->
<testsuite hostname="GLB-242-PC" failures="0" tests="3" name="com.RestAssuredframework.SampleClass1" time="0.030" errors="0" timestamp="09 Dec 2018 06:56:17 GMT" skipped="0">
  <testcase classname="com.RestAssuredframework.SampleClass1" name="loggertest" time="0.001"/>
  <testcase classname="com.RestAssuredframework.SampleClass1" name="secondtest" time="0.001"/>
  <testcase classname="com.RestAssuredframework.SampleClass1" name="firsttest" time="0.028"/>
</testsuite> <!-- com.RestAssuredframework.SampleClass1 -->
